c:\users\sheyd\documents\university\vi\databaseproject\databaseproject\x64\debug\addcolumncommand.obj
c:\users\sheyd\documents\university\vi\databaseproject\databaseproject\x64\debug\closecommand.obj
c:\users\sheyd\documents\university\vi\databaseproject\databaseproject\x64\debug\column.obj
c:\users\sheyd\documents\university\vi\databaseproject\databaseproject\x64\debug\columnfactory.obj
c:\users\sheyd\documents\university\vi\databaseproject\databaseproject\x64\debug\commandfactory.obj
c:\users\sheyd\documents\university\vi\databaseproject\databaseproject\x64\debug\database.obj
c:\users\sheyd\documents\university\vi\databaseproject\databaseproject\x64\debug\databaseproject.obj
c:\users\sheyd\documents\university\vi\databaseproject\databaseproject\x64\debug\date.obj
c:\users\sheyd\documents\university\vi\databaseproject\databaseproject\x64\debug\datecolumn.obj
c:\users\sheyd\documents\university\vi\databaseproject\databaseproject\x64\debug\deletecommand.obj
c:\users\sheyd\documents\university\vi\databaseproject\databaseproject\x64\debug\describecommand.obj
c:\users\sheyd\documents\university\vi\databaseproject\databaseproject\x64\debug\doublecolumn.obj
c:\users\sheyd\documents\university\vi\databaseproject\databaseproject\x64\debug\exitcommand.obj
c:\users\sheyd\documents\university\vi\databaseproject\databaseproject\x64\debug\exportcommand.obj
c:\users\sheyd\documents\university\vi\databaseproject\databaseproject\x64\debug\helpcommand.obj
c:\users\sheyd\documents\university\vi\databaseproject\databaseproject\x64\debug\insertcommand.obj
c:\users\sheyd\documents\university\vi\databaseproject\databaseproject\x64\debug\intcolumn.obj
c:\users\sheyd\documents\university\vi\databaseproject\databaseproject\x64\debug\modifycommand.obj
c:\users\sheyd\documents\university\vi\databaseproject\databaseproject\x64\debug\opencommand.obj
c:\users\sheyd\documents\university\vi\databaseproject\databaseproject\x64\debug\parser.obj
c:\users\sheyd\documents\university\vi\databaseproject\databaseproject\x64\debug\printcommand.obj
c:\users\sheyd\documents\university\vi\databaseproject\databaseproject\x64\debug\saveascommand.obj
c:\users\sheyd\documents\university\vi\databaseproject\databaseproject\x64\debug\savecommand.obj
c:\users\sheyd\documents\university\vi\databaseproject\databaseproject\x64\debug\selectcommand.obj
c:\users\sheyd\documents\university\vi\databaseproject\databaseproject\x64\debug\showtablescommand.obj
c:\users\sheyd\documents\university\vi\databaseproject\databaseproject\x64\debug\stringcolumn.obj
c:\users\sheyd\documents\university\vi\databaseproject\databaseproject\x64\debug\updatecommand.obj
c:\users\sheyd\documents\university\vi\databaseproject\databaseproject\x64\debug\vc143.idb
c:\users\sheyd\documents\university\vi\databaseproject\databaseproject\x64\debug\vc143.pdb
c:\users\sheyd\documents\university\vi\databaseproject\databaseproject\x64\debug\databaseproject.tlog\cl.command.1.tlog
